<?xml version="1.0" encoding="UTF-8"?>
<!-- Generated by org.testng.reporters.JUnitReportReporter -->
<testsuite hostname="Rohan" failures="0" tests="4" name="TestRunner.GithubApiTestRunner" time="7.602" errors="0" timestamp="2025-08-08T11:59:47 IST" skipped="0">
  <testcase classname="TestRunner.GithubApiTestRunner" name="runScenario" time="0.929"/>
  <testcase classname="TestRunner.GithubApiTestRunner" name="runScenario" time="2.643"/>
  <testcase classname="TestRunner.GithubApiTestRunner" name="runScenario" time="3.614"/>
  <testcase classname="TestRunner.GithubApiTestRunner" name="runScenario" time="0.416"/>
</testsuite> <!-- TestRunner.GithubApiTestRunner -->
