<?xml version="1.0" encoding="UTF-8"?>
<!-- Generated by org.testng.reporters.JUnitReportReporter -->
<testsuite hostname="Rohan" failures="0" tests="1" name="testScript.PostOperation" time="3.171" errors="0" timestamp="2025-08-08T14:45:33 IST" skipped="0">
  <testcase classname="testScript.PostOperation" name="postOperation" time="3.171"/>
  <system-out>
    <![CDATA[CRUD Operation is successful
CRUD Operation is successful
CRUD Operation is successful
CRUD Operation is successful]]>
  </system-out>
</testsuite> <!-- testScript.PostOperation -->
