<?xml version="1.0" encoding="UTF-8"?>
<!-- Generated by org.testng.reporters.JUnitReportReporter -->
<testsuite hostname="Rohan" failures="0" tests="1" name="grid.test0" time="3.785" errors="0" timestamp="2025-08-14T10:30:11 IST" skipped="0">
  <testcase classname="grid.test0" name="demo" time="3.785"/>
</testsuite> <!-- grid.test0 -->
